Arguments: 
  C:\Program Files\nodejs\node.exe C:\Program Files (x86)\Yarn\bin\yarn.js

PATH: 
  C:\Users\marcu\AppData\Roaming\npm;C:\Program Files\nodejs\;C:\Program Files (x86)\Intel\iCLS Client\;C:\Program Files\Intel\iCLS Client\;C:\Windows\system32;C:\Windows;C:\Windows\System32\Wbem;C:\Windows\System32\WindowsPowerShell\v1.0\;C:\Program Files (x86)\Common Files\lenovo\easyplussdk\bin;C:\Program Files (x86)\NVIDIA Corporation\PhysX\Common;C:\Program Files (x86)\Intel\Intel(R) Management Engine Components\DAL;C:\Program Files\Intel\Intel(R) Management Engine Components\DAL;C:\Program Files (x86)\Intel\Intel(R) Management Engine Components\IPT;C:\Program Files\Intel\Intel(R) Management Engine Components\IPT;C:\WINDOWS\system32;C:\WINDOWS;C:\WINDOWS\System32\Wbem;C:\WINDOWS\System32\WindowsPowerShell\v1.0\;C:\Program Files\Git\cmd;C:\WINDOWS\System32\OpenSSH\;C:\Program Files (x86)\Yarn\bin\;C:\Program Files\nodejs\;C:\ProgramData\chocolatey\bin;C:\Ruby25-x64\bin;C:\Users\marcu\AppData\Local\Programs\Python\Python36\Scripts\;C:\Users\marcu\AppData\Local\Programs\Python\Python36\;C:\Users\marcu\AppData\Local\Microsoft\WindowsApps;C:\Users\marcu\AppData\Local\.meteor\;C:\Users\marcu\AppData\Local\GitHubDesktop\bin;C:\Users\marcu\AppData\Local\Microsoft\WindowsApps;C:\Users\marcu\AppData\Local\Yarn\bin;C:\Users\marcu\AppData\Roaming\npm;C:\Users\marcu\AppData\Local\atom\bin;D:\Program Files\heroku\bin

Yarn version: 
  1.10.1

Node version: 
  8.12.0

Platform: 
  win32 x64

Trace: 
  SyntaxError: C:\Users\marcu\myprogram\react-native-web-app\package.json: Unexpected string in JSON at position 413
      at JSON.parse (<anonymous>)
      at C:\Program Files (x86)\Yarn\lib\cli.js:1136:59
      at Generator.next (<anonymous>)
      at step (C:\Program Files (x86)\Yarn\lib\cli.js:98:30)
      at C:\Program Files (x86)\Yarn\lib\cli.js:109:13
      at <anonymous>

npm manifest: 
  {
    "private": "true",
    "name": "react-native-web-app",
    "version": "1.0.0",
    "description": "",
    "main": "index.js",
    "scripts": {
      "test": "echo \"Error: no test specified\" && exit 1"
    },
    "repository": {
      "type": "git",
      "url": "git+https://github.com/francismarcus/react-native-web-app.git"
    },
    "keywords": [],
    "author": "",
    "license": "ISC",
    "workspaces": [
      "workspace/*"
    ]
    "bugs": {
      "url": "https://github.com/francismarcus/react-native-web-app/issues"
    },
    "homepage": "https://github.com/francismarcus/react-native-web-app#readme"
  }

yarn manifest: 
  No manifest

Lockfile: 
  No lockfile
